2023-12-03 05:39:48 1002 is connected from Peer 1001
2023-12-03 05:39:48 1001 received the ‘interested’ message from 1002.
2023-12-03 05:39:55 1003 is connected from Peer 1001
2023-12-03 05:39:55 1001 received the ‘interested’ message from 1003.
2023-12-03 05:40:03 1004 is connected from Peer 1001
2023-12-03 05:40:03 1001 received the ‘interested’ message from 1004.
2023-12-03 05:40:04 1001 is unchoked by 1004.
2023-12-03 05:40:04 1001 is unchoked by 1003.
2023-12-03 05:40:04 1001 is unchoked by 1002.
2023-12-03 05:40:04 1001 has the preferred neighbors 1004, 1003, 1002.
2023-12-03 05:40:09 1001 is unchoked by 1004.
2023-12-03 05:40:09 1001 has the preferred neighbors 1004, 1003, 1002.
2023-12-03 05:40:09 1001 is unchoked by 1002.
2023-12-03 05:40:09 1001 is unchoked by 1003.
2023-12-03 05:40:14 1001 is unchoked by 1004.
2023-12-03 05:40:14 1001 has the preferred neighbors 1004, 1003, 1002.
2023-12-03 05:40:14 1001 is unchoked by 1002.
2023-12-03 05:40:14 1001 is unchoked by 1003.
2023-12-03 05:40:19 1001 is unchoked by 1002.
2023-12-03 05:40:19 1001 has the preferred neighbors 1004, 1003, 1002.
2023-12-03 05:40:19 1001 is unchoked by 1004.
2023-12-03 05:40:19 1001 is unchoked by 1003.
2023-12-03 05:40:24 1001 has the preferred neighbors 1004, 1003, 1002.
2023-12-03 05:40:24 1001 is unchoked by 1003.
2023-12-03 05:40:24 1001 is unchoked by 1004.
2023-12-03 05:40:24 1001 is unchoked by 1002.
2023-12-03 05:40:29 1001 is unchoked by 1002.
2023-12-03 05:40:29 1001 has the preferred neighbors 1004, 1003, 1002.
2023-12-03 05:40:29 1001 is unchoked by 1003.
2023-12-03 05:40:29 1001 is unchoked by 1004.
2023-12-03 05:40:34 1001 is unchoked by 1002.
2023-12-03 05:40:34 1001 has the preferred neighbors 1004, 1003, 1002.
2023-12-03 05:40:34 1001 is unchoked by 1003.
2023-12-03 05:40:34 1001 is unchoked by 1004.
2023-12-03 05:40:34 1002 received the ‘not interested’ message from 1001.
2023-12-03 05:40:35 1004 received the ‘not interested’ message from 1001.
2023-12-03 05:40:35 1003 received the ‘not interested’ message from 1001.
2023-12-03 05:40:39 1001 is unchoked by 1002.
2023-12-03 05:40:39 1001 has the preferred neighbors 1004, 1003, 1002.
2023-12-03 05:40:39 1001 is unchoked by 1004.
2023-12-03 05:40:39 1002 received the ‘not interested’ message from 1001.
2023-12-03 05:40:39 1004 received the ‘not interested’ message from 1001.
2023-12-03 05:40:39 1001 is unchoked by 1003.
2023-12-03 05:40:39 1003 received the ‘not interested’ message from 1001.
2023-12-03 05:40:44 1001 is unchoked by 1002.
2023-12-03 05:40:44 1001 has the preferred neighbors 1004, 1003, 1002.
2023-12-03 05:40:44 1001 is unchoked by 1004.
2023-12-03 05:40:44 1004 received the ‘not interested’ message from 1001.
2023-12-03 05:40:44 1002 received the ‘not interested’ message from 1001.
2023-12-03 05:40:44 1003 received the ‘not interested’ message from 1001.
2023-12-03 05:40:44 1001 is unchoked by 1003.
2023-12-03 05:40:49 1001 is unchoked by 1003.
2023-12-03 05:40:49 1001 is unchoked by 1004.
2023-12-03 05:40:49 1001 has the preferred neighbors 1004, 1003, 1002.
2023-12-03 05:40:49 1001 is unchoked by 1002.
2023-12-03 05:40:49 1003 received the ‘not interested’ message from 1001.
2023-12-03 05:40:49 1002 received the ‘not interested’ message from 1001.
2023-12-03 05:40:54 1001 is unchoked by 1002.
2023-12-03 05:40:54 1001 has the preferred neighbors 1004, 1003, 1002.
2023-12-03 05:40:54 1001 is unchoked by 1003.
2023-12-03 05:40:54 1001 is unchoked by 1004.
2023-12-03 05:40:54 1002 received the ‘not interested’ message from 1001.
2023-12-03 05:40:54 1003 received the ‘not interested’ message from 1001.
2023-12-03 05:40:59 1001 is unchoked by 1002.
2023-12-03 05:40:59 1001 has the preferred neighbors 1004, 1003, 1002.
2023-12-03 05:40:59 1002 received the ‘not interested’ message from 1001.
2023-12-03 05:40:59 1001 is unchoked by 1004.
2023-12-03 05:40:59 1001 is unchoked by 1003.
2023-12-03 05:40:59 1003 received the ‘not interested’ message from 1001.
2023-12-03 05:41:04 1001 is unchoked by 1003.
2023-12-03 05:41:04 1001 has the preferred neighbors 1004, 1003, 1002.
2023-12-03 05:41:04 1001 is unchoked by 1002.
2023-12-03 05:41:04 1001 is unchoked by 1004.
2023-12-03 05:41:04 1002 received the ‘not interested’ message from 1001.
2023-12-03 05:41:04 1003 received the ‘not interested’ message from 1001.
2023-12-03 05:41:09 1001 has the preferred neighbors 1004, 1003, 1002.
2023-12-03 05:41:09 1001 is unchoked by 1002.
2023-12-03 05:41:09 1002 received the ‘not interested’ message from 1001.
2023-12-03 05:41:14 1001 has the preferred neighbors 1004, 1003, 1002.
